Terminals unused in grammar

    SPEC
    KEYWORD


State 1 conflicts: 2 shift/reduce
State 20 conflicts: 1 shift/reduce
State 66 conflicts: 2 reduce/reduce
State 176 conflicts: 2 shift/reduce
State 184 conflicts: 1 shift/reduce
State 210 conflicts: 2 shift/reduce
State 213 conflicts: 1 shift/reduce


Grammar

    0 $accept: program $end

    1 program: declList

    2 declList: declList decl
    3         | decl

    4 decl: varDecl
    5     | funDecl
    6     | error

    7 varDecl: typeSpec varDeclList SEMICOLON
    8        | error varDeclList SEMICOLON
    9        | typeSpec error SEMICOLON

   10 scopedVarDecl: STATIC typeSpec varDeclList SEMICOLON
   11              | typeSpec varDeclList SEMICOLON

   12 varDeclList: varDeclList COMMA varDeclInit
   13            | varDeclList COMMA error
   14            | varDeclInit
   15            | error

   16 varDeclInit: varDeclId
   17            | varDeclId COLON simpleExp
   18            | error COLON simpleExp

   19 varDeclId: ID
   20          | ID LBRACKET NUMCONST RBRACKET
   21          | ID LBRACKET error
   22          | error RBRACKET

   23 typeSpec: BOOL
   24         | CHAR
   25         | INT

   26 funDecl: typeSpec ID LPAREN parms RPAREN compoundStmt
   27        | ID LPAREN parms RPAREN compoundStmt
   28        | typeSpec error
   29        | typeSpec ID LPAREN error
   30        | ID LPAREN error
   31        | ID LPAREN parms RPAREN error

   32 parms: parmList
   33      | ε

   34 parmList: parmList SEMICOLON parmTypeList
   35         | parmTypeList
   36         | parmList SEMICOLON error
   37         | error

   38 parmTypeList: typeSpec parmIdList
   39             | typeSpec error

   40 parmIdList: parmIdList COMMA parmId
   41           | parmId
   42           | parmIdList COMMA error
   43           | error

   44 parmId: ID
   45       | ID LBRACKET RBRACKET

   46 stmt: matchedif
   47     | unmatchedif

   48 expStmt: exp SEMICOLON
   49        | SEMICOLON
   50        | error SEMICOLON

   51 compoundStmt: START localDecls stmtList STOP

   52 localDecls: localDecls scopedVarDecl
   53           | ε

   54 stmtList: stmtList stmt
   55         | ε

   56 matchedif: endStmt
   57          | IF simpleExp THEN matchedif ELSE matchedif
   58          | IF error
   59          | IF error ELSE matchedif
   60          | IF error THEN matchedif ELSE matchedif
   61          | WHILE simpleExp DO matchedif
   62          | WHILE error DO matchedif
   63          | WHILE error
   64          | FOR ID ASGN iterRange DO matchedif
   65          | FOR ID ASGN error DO matchedif
   66          | FOR error

   67 unmatchedif: IF simpleExp THEN matchedif ELSE unmatchedif
   68            | IF error THEN matchedif ELSE unmatchedif
   69            | WHILE simpleExp DO unmatchedif
   70            | WHILE error DO unmatchedif
   71            | FOR ID ASGN iterRange DO unmatchedif
   72            | FOR ID ASGN error DO unmatchedif
   73            | IF simpleExp THEN stmt
   74            | IF error THEN matchedif

   75 endStmt: expStmt
   76        | compoundStmt
   77        | returnStmt
   78        | breakStmt

   79 iterRange: simpleExp TO simpleExp
   80          | simpleExp TO simpleExp BY simpleExp
   81          | simpleExp TO error
   82          | error BY error
   83          | simpleExp TO simpleExp BY error

   84 returnStmt: RETURN SEMICOLON
   85           | RETURN exp SEMICOLON
   86           | RETURN error SEMICOLON

   87 breakStmt: BREAK SEMICOLON

   88 exp: mutable assignop exp
   89    | mutable INC
   90    | mutable DEC
   91    | simpleExp
   92    | error assignop exp
   93    | mutable assignop error
   94    | error INC
   95    | error DEC

   96 assignop: ASGN
   97         | ADDASGN
   98         | MINUSASGN
   99         | MULTASGN
  100         | DIVASGN

  101 simpleExp: simpleExp OR andExp
  102          | andExp
  103          | simpleExp OR error

  104 andExp: andExp AND unaryRelExp
  105       | unaryRelExp
  106       | andExp AND error

  107 unaryRelExp: NOT unaryRelExp
  108            | relExp
  109            | NOT error

  110 relExp: sumExp relop sumExp
  111       | sumExp relop error
  112       | sumExp

  113 relop: LESSTHAN
  114      | LEQ
  115      | GREATERTHAN
  116      | GEQ
  117      | EQUALS
  118      | NEQ

  119 sumExp: sumExp sumop mulExp
  120       | mulExp
  121       | sumExp sumop error

  122 sumop: PLUS
  123      | MINUS

  124 mulExp: mulExp mulop unaryExp
  125       | unaryExp
  126       | mulExp mulop error

  127 mulop: MULT
  128      | DIVIDE
  129      | PERCENT

  130 unaryExp: unaryop unaryExp
  131         | factor
  132         | unaryop error

  133 unaryop: MINUS
  134        | MULT
  135        | QMARK

  136 factor: mutable
  137       | immutable

  138 mutable: ID
  139        | ID LBRACKET exp RBRACKET

  140 immutable: LPAREN exp RPAREN
  141          | call
  142          | constant
  143          | LPAREN error

  144 call: ID LPAREN args RPAREN
  145     | error LPAREN

  146 args: argList
  147     | ε

  148 argList: argList COMMA exp
  149        | exp
  150        | argList COMMA error

  151 constant: NUMCONST
  152         | CHARCONST
  153         | STRINGCONST
  154         | BOOLCONST


Terminals, with rules where they appear

    $end (0) 0
    error (256) 6 8 9 13 15 18 21 22 28 29 30 31 36 37 39 42 43 50 58 59 60 62 63 65 66 68 70 72 74 81 82 83 86 92 93 94 95 103 106 109 111 121 126 132 143 145 150
    ID <tokenData> (258) 19 20 21 26 27 29 30 31 44 45 64 65 71 72 138 139 144
    NUMCONST <tokenData> (259) 20 151
    CHARCONST <tokenData> (260) 152
    STRINGCONST <tokenData> (261) 153
    BOOLCONST <tokenData> (262) 154
    SPEC <tokenData> (263)
    KEYWORD <tokenData> (264)
    INC <tokenData> (265) 89 94
    DEC <tokenData> (266) 90 95
    NEQ <tokenData> (267) 118
    LEQ <tokenData> (268) 114
    GEQ <tokenData> (269) 116
    ASGN <tokenData> (270) 64 65 71 72 96
    ADDASGN <tokenData> (271) 97
    MINUSASGN <tokenData> (272) 98
    MULTASGN <tokenData> (273) 99
    DIVASGN <tokenData> (274) 100
    IF <tokenData> (275) 57 58 59 60 67 68 73 74
    THEN <tokenData> (276) 57 60 67 68 73 74
    ELSE <tokenData> (277) 57 59 60 67 68
    FOR <tokenData> (278) 64 65 66 71 72
    BREAK <tokenData> (279) 87
    RETURN <tokenData> (280) 84 85 86
    START <tokenData> (281) 51
    STOP <tokenData> (282) 51
    WHILE <tokenData> (283) 61 62 63 69 70
    TO <tokenData> (284) 79 80 81 83
    DO <tokenData> (285) 61 62 64 65 69 70 71 72
    BY <tokenData> (286) 80 82 83
    NOT <tokenData> (287) 107 109
    STATIC <tokenData> (288) 10
    BOOL <tokenData> (289) 23
    CHAR <tokenData> (290) 24
    INT <tokenData> (291) 25
    PLUS <tokenData> (292) 122
    MINUS <tokenData> (293) 123 133
    DIVIDE <tokenData> (294) 128
    MULT <tokenData> (295) 127 134
    EQUALS <tokenData> (296) 117
    PERCENT <tokenData> (297) 129
    COLON <tokenData> (298) 17 18
    SEMICOLON <tokenData> (299) 7 8 9 10 11 34 36 48 49 50 84 85 86 87
    COMMA <tokenData> (300) 12 13 40 42 148 150
    QMARK <tokenData> (301) 135
    LBRACKET <tokenData> (302) 20 21 45 139
    RBRACKET <tokenData> (303) 20 22 45 139
    LPAREN <tokenData> (304) 26 27 29 30 31 140 143 144 145
    RPAREN <tokenData> (305) 26 27 31 140 144
    OR <tokenData> (306) 101 103
    AND <tokenData> (307) 104 106
    LESSTHAN <tokenData> (308) 113
    GREATERTHAN <tokenData> (309) 115


Nonterminals, with rules where they appear

    $accept (55)
        on left: 0
    program (56)
        on left: 1
        on right: 0
    declList <tree> (57)
        on left: 2 3
        on right: 1 2
    decl <tree> (58)
        on left: 4 5 6
        on right: 2 3
    varDecl <tree> (59)
        on left: 7 8 9
        on right: 4
    scopedVarDecl <tree> (60)
        on left: 10 11
        on right: 52
    varDeclList <tree> (61)
        on left: 12 13 14 15
        on right: 7 8 10 11 12 13
    varDeclInit <tree> (62)
        on left: 16 17 18
        on right: 12 14
    varDeclId <tree> (63)
        on left: 19 20 21 22
        on right: 16 17
    typeSpec <type> (64)
        on left: 23 24 25
        on right: 7 9 10 11 26 28 29 38 39
    funDecl <tree> (65)
        on left: 26 27 28 29 30 31
        on right: 5
    parms <tree> (66)
        on left: 32 33
        on right: 26 27 31
    parmList <tree> (67)
        on left: 34 35 36 37
        on right: 32 34 36
    parmTypeList <tree> (68)
        on left: 38 39
        on right: 34 35
    parmIdList <tree> (69)
        on left: 40 41 42 43
        on right: 38 40 42
    parmId <tree> (70)
        on left: 44 45
        on right: 40 41
    stmt <tree> (71)
        on left: 46 47
        on right: 54 73
    expStmt <tree> (72)
        on left: 48 49 50
        on right: 75
    compoundStmt <tree> (73)
        on left: 51
        on right: 26 27 76
    localDecls <tree> (74)
        on left: 52 53
        on right: 51 52
    stmtList <tree> (75)
        on left: 54 55
        on right: 51 54
    matchedif <tree> (76)
        on left: 56 57 58 59 60 61 62 63 64 65 66
        on right: 46 57 59 60 61 62 64 65 67 68 74
    unmatchedif <tree> (77)
        on left: 67 68 69 70 71 72 73 74
        on right: 47 67 68 69 70 71 72
    endStmt <tree> (78)
        on left: 75 76 77 78
        on right: 56
    iterRange <tree> (79)
        on left: 79 80 81 82 83
        on right: 64 71
    returnStmt <tree> (80)
        on left: 84 85 86
        on right: 77
    breakStmt <tree> (81)
        on left: 87
        on right: 78
    exp <tree> (82)
        on left: 88 89 90 91 92 93 94 95
        on right: 48 85 88 92 139 140 148 149
    assignop <tree> (83)
        on left: 96 97 98 99 100
        on right: 88 92 93
    simpleExp <tree> (84)
        on left: 101 102 103
        on right: 17 18 57 61 67 69 73 79 80 81 83 91 101 103
    andExp <tree> (85)
        on left: 104 105 106
        on right: 101 102 104 106
    unaryRelExp <tree> (86)
        on left: 107 108 109
        on right: 104 105 107
    relExp <tree> (87)
        on left: 110 111 112
        on right: 108
    relop <tree> (88)
        on left: 113 114 115 116 117 118
        on right: 110 111
    sumExp <tree> (89)
        on left: 119 120 121
        on right: 110 111 112 119 121
    sumop <tree> (90)
        on left: 122 123
        on right: 119 121
    mulExp <tree> (91)
        on left: 124 125 126
        on right: 119 120 124 126
    mulop <tree> (92)
        on left: 127 128 129
        on right: 124 126
    unaryExp <tree> (93)
        on left: 130 131 132
        on right: 124 125 130
    unaryop <tree> (94)
        on left: 133 134 135
        on right: 130 132
    factor <tree> (95)
        on left: 136 137
        on right: 131
    mutable <tree> (96)
        on left: 138 139
        on right: 88 89 90 93 136
    immutable <tree> (97)
        on left: 140 141 142 143
        on right: 137
    call <tree> (98)
        on left: 144 145
        on right: 141
    args <tree> (99)
        on left: 146 147
        on right: 144
    argList <tree> (100)
        on left: 148 149 150
        on right: 146 148 150
    constant <tree> (101)
        on left: 151 152 153 154
        on right: 142


State 0

    0 $accept: • program $end

    error  shift, and go to state 1
    ID     shift, and go to state 2
    BOOL   shift, and go to state 3
    CHAR   shift, and go to state 4
    INT    shift, and go to state 5

    program   go to state 6
    declList  go to state 7
    decl      go to state 8
    varDecl   go to state 9
    typeSpec  go to state 10
    funDecl   go to state 11


State 1

    6 decl: error •
    8 varDecl: error • varDeclList SEMICOLON

    error  shift, and go to state 12
    ID     shift, and go to state 13

    $end   reduce using rule 6 (decl)
    error  [reduce using rule 6 (decl)]
    ID     [reduce using rule 6 (decl)]
    BOOL   reduce using rule 6 (decl)
    CHAR   reduce using rule 6 (decl)
    INT    reduce using rule 6 (decl)

    varDeclList  go to state 14
    varDeclInit  go to state 15
    varDeclId    go to state 16


State 2

   27 funDecl: ID • LPAREN parms RPAREN compoundStmt
   30        | ID • LPAREN error
   31        | ID • LPAREN parms RPAREN error

    LPAREN  shift, and go to state 17


State 3

   23 typeSpec: BOOL •

    $default  reduce using rule 23 (typeSpec)


State 4

   24 typeSpec: CHAR •

    $default  reduce using rule 24 (typeSpec)


State 5

   25 typeSpec: INT •

    $default  reduce using rule 25 (typeSpec)


State 6

    0 $accept: program • $end

    $end  shift, and go to state 18


State 7

    1 program: declList •
    2 declList: declList • decl

    error  shift, and go to state 1
    ID     shift, and go to state 2
    BOOL   shift, and go to state 3
    CHAR   shift, and go to state 4
    INT    shift, and go to state 5

    $end  reduce using rule 1 (program)

    decl      go to state 19
    varDecl   go to state 9
    typeSpec  go to state 10
    funDecl   go to state 11


State 8

    3 declList: decl •

    $default  reduce using rule 3 (declList)


State 9

    4 decl: varDecl •

    $default  reduce using rule 4 (decl)


State 10

    7 varDecl: typeSpec • varDeclList SEMICOLON
    9        | typeSpec • error SEMICOLON
   26 funDecl: typeSpec • ID LPAREN parms RPAREN compoundStmt
   28        | typeSpec • error
   29        | typeSpec • ID LPAREN error

    error  shift, and go to state 20
    ID     shift, and go to state 21

    varDeclList  go to state 22
    varDeclInit  go to state 15
    varDeclId    go to state 16


State 11

    5 decl: funDecl •

    $default  reduce using rule 5 (decl)


State 12

   15 varDeclList: error •
   18 varDeclInit: error • COLON simpleExp
   22 varDeclId: error • RBRACKET

    COLON     shift, and go to state 23
    RBRACKET  shift, and go to state 24

    $default  reduce using rule 15 (varDeclList)


State 13

   19 varDeclId: ID •
   20          | ID • LBRACKET NUMCONST RBRACKET
   21          | ID • LBRACKET error

    LBRACKET  shift, and go to state 25

    $default  reduce using rule 19 (varDeclId)


State 14

    8 varDecl: error varDeclList • SEMICOLON
   12 varDeclList: varDeclList • COMMA varDeclInit
   13            | varDeclList • COMMA error

    SEMICOLON  shift, and go to state 26
    COMMA      shift, and go to state 27


State 15

   14 varDeclList: varDeclInit •

    $default  reduce using rule 14 (varDeclList)


State 16

   16 varDeclInit: varDeclId •
   17            | varDeclId • COLON simpleExp

    COLON  shift, and go to state 28

    $default  reduce using rule 16 (varDeclInit)


State 17

   27 funDecl: ID LPAREN • parms RPAREN compoundStmt
   30        | ID LPAREN • error
   31        | ID LPAREN • parms RPAREN error

    error  shift, and go to state 29
    BOOL   shift, and go to state 3
    CHAR   shift, and go to state 4
    INT    shift, and go to state 5

    RPAREN  reduce using rule 33 (parms)

    typeSpec      go to state 30
    parms         go to state 31
    parmList      go to state 32
    parmTypeList  go to state 33


State 18

    0 $accept: program $end •

    $default  accept


State 19

    2 declList: declList decl •

    $default  reduce using rule 2 (declList)


State 20

    9 varDecl: typeSpec error • SEMICOLON
   15 varDeclList: error •
   18 varDeclInit: error • COLON simpleExp
   22 varDeclId: error • RBRACKET
   28 funDecl: typeSpec error •

    COLON      shift, and go to state 23
    SEMICOLON  shift, and go to state 34
    RBRACKET   shift, and go to state 24

    SEMICOLON  [reduce using rule 15 (varDeclList)]
    COMMA      reduce using rule 15 (varDeclList)
    $default   reduce using rule 28 (funDecl)


State 21

   19 varDeclId: ID •
   20          | ID • LBRACKET NUMCONST RBRACKET
   21          | ID • LBRACKET error
   26 funDecl: typeSpec ID • LPAREN parms RPAREN compoundStmt
   29        | typeSpec ID • LPAREN error

    LBRACKET  shift, and go to state 25
    LPAREN    shift, and go to state 35

    $default  reduce using rule 19 (varDeclId)


State 22

    7 varDecl: typeSpec varDeclList • SEMICOLON
   12 varDeclList: varDeclList • COMMA varDeclInit
   13            | varDeclList • COMMA error

    SEMICOLON  shift, and go to state 36
    COMMA      shift, and go to state 27


State 23

   18 varDeclInit: error COLON • simpleExp

    error        shift, and go to state 37
    ID           shift, and go to state 38
    NUMCONST     shift, and go to state 39
    CHARCONST    shift, and go to state 40
    STRINGCONST  shift, and go to state 41
    BOOLCONST    shift, and go to state 42
    NOT          shift, and go to state 43
    MINUS        shift, and go to state 44
    MULT         shift, and go to state 45
    QMARK        shift, and go to state 46
    LPAREN       shift, and go to state 47

    simpleExp    go to state 48
    andExp       go to state 49
    unaryRelExp  go to state 50
    relExp       go to state 51
    sumExp       go to state 52
    mulExp       go to state 53
    unaryExp     go to state 54
    unaryop      go to state 55
    factor       go to state 56
    mutable      go to state 57
    immutable    go to state 58
    call         go to state 59
    constant     go to state 60


State 24

   22 varDeclId: error RBRACKET •

    $default  reduce using rule 22 (varDeclId)


State 25

   20 varDeclId: ID LBRACKET • NUMCONST RBRACKET
   21          | ID LBRACKET • error

    error     shift, and go to state 61
    NUMCONST  shift, and go to state 62


State 26

    8 varDecl: error varDeclList SEMICOLON •

    $default  reduce using rule 8 (varDecl)


State 27

   12 varDeclList: varDeclList COMMA • varDeclInit
   13            | varDeclList COMMA • error

    error  shift, and go to state 63
    ID     shift, and go to state 13

    varDeclInit  go to state 64
    varDeclId    go to state 16


State 28

   17 varDeclInit: varDeclId COLON • simpleExp

    error        shift, and go to state 37
    ID           shift, and go to state 38
    NUMCONST     shift, and go to state 39
    CHARCONST    shift, and go to state 40
    STRINGCONST  shift, and go to state 41
    BOOLCONST    shift, and go to state 42
    NOT          shift, and go to state 43
    MINUS        shift, and go to state 44
    MULT         shift, and go to state 45
    QMARK        shift, and go to state 46
    LPAREN       shift, and go to state 47

    simpleExp    go to state 65
    andExp       go to state 49
    unaryRelExp  go to state 50
    relExp       go to state 51
    sumExp       go to state 52
    mulExp       go to state 53
    unaryExp     go to state 54
    unaryop      go to state 55
    factor       go to state 56
    mutable      go to state 57
    immutable    go to state 58
    call         go to state 59
    constant     go to state 60


State 29

   30 funDecl: ID LPAREN error •
   37 parmList: error •

    SEMICOLON  reduce using rule 37 (parmList)
    RPAREN     reduce using rule 37 (parmList)
    $default   reduce using rule 30 (funDecl)


State 30

   38 parmTypeList: typeSpec • parmIdList
   39             | typeSpec • error

    error  shift, and go to state 66
    ID     shift, and go to state 67

    parmIdList  go to state 68
    parmId      go to state 69


State 31

   27 funDecl: ID LPAREN parms • RPAREN compoundStmt
   31        | ID LPAREN parms • RPAREN error

    RPAREN  shift, and go to state 70


State 32

   32 parms: parmList •
   34 parmList: parmList • SEMICOLON parmTypeList
   36         | parmList • SEMICOLON error

    SEMICOLON  shift, and go to state 71

    $default  reduce using rule 32 (parms)


State 33

   35 parmList: parmTypeList •

    $default  reduce using rule 35 (parmList)


State 34

    9 varDecl: typeSpec error SEMICOLON •

    $default  reduce using rule 9 (varDecl)


State 35

   26 funDecl: typeSpec ID LPAREN • parms RPAREN compoundStmt
   29        | typeSpec ID LPAREN • error

    error  shift, and go to state 72
    BOOL   shift, and go to state 3
    CHAR   shift, and go to state 4
    INT    shift, and go to state 5

    RPAREN  reduce using rule 33 (parms)

    typeSpec      go to state 30
    parms         go to state 73
    parmList      go to state 32
    parmTypeList  go to state 33


State 36

    7 varDecl: typeSpec varDeclList SEMICOLON •

    $default  reduce using rule 7 (varDecl)


State 37

  145 call: error • LPAREN

    LPAREN  shift, and go to state 74


State 38

  138 mutable: ID •
  139        | ID • LBRACKET exp RBRACKET
  144 call: ID • LPAREN args RPAREN

    LBRACKET  shift, and go to state 75
    LPAREN    shift, and go to state 76

    $default  reduce using rule 138 (mutable)


State 39

  151 constant: NUMCONST •

    $default  reduce using rule 151 (constant)


State 40

  152 constant: CHARCONST •

    $default  reduce using rule 152 (constant)


State 41

  153 constant: STRINGCONST •

    $default  reduce using rule 153 (constant)


State 42

  154 constant: BOOLCONST •

    $default  reduce using rule 154 (constant)


State 43

  107 unaryRelExp: NOT • unaryRelExp
  109            | NOT • error

    error        shift, and go to state 77
    ID           shift, and go to state 38
    NUMCONST     shift, and go to state 39
    CHARCONST    shift, and go to state 40
    STRINGCONST  shift, and go to state 41
    BOOLCONST    shift, and go to state 42
    NOT          shift, and go to state 43
    MINUS        shift, and go to state 44
    MULT         shift, and go to state 45
    QMARK        shift, and go to state 46
    LPAREN       shift, and go to state 47

    unaryRelExp  go to state 78
    relExp       go to state 51
    sumExp       go to state 52
    mulExp       go to state 53
    unaryExp     go to state 54
    unaryop      go to state 55
    factor       go to state 56
    mutable      go to state 57
    immutable    go to state 58
    call         go to state 59
    constant     go to state 60


State 44

  133 unaryop: MINUS •

    $default  reduce using rule 133 (unaryop)


State 45

  134 unaryop: MULT •

    $default  reduce using rule 134 (unaryop)


State 46

  135 unaryop: QMARK •

    $default  reduce using rule 135 (unaryop)


State 47

  140 immutable: LPAREN • exp RPAREN
  143          | LPAREN • error

    error        shift, and go to state 79
    ID           shift, and go to state 38
    NUMCONST     shift, and go to state 39
    CHARCONST    shift, and go to state 40
    STRINGCONST  shift, and go to state 41
    BOOLCONST    shift, and go to state 42
    NOT          shift, and go to state 43
    MINUS        shift, and go to state 44
    MULT         shift, and go to state 45
    QMARK        shift, and go to state 46
    LPAREN       shift, and go to state 47

    exp          go to state 80
    simpleExp    go to state 81
    andExp       go to state 49
    unaryRelExp  go to state 50
    relExp       go to state 51
    sumExp       go to state 52
    mulExp       go to state 53
    unaryExp     go to state 54
    unaryop      go to state 55
    factor       go to state 56
    mutable      go to state 82
    immutable    go to state 58
    call         go to state 59
    constant     go to state 60


State 48

   18 varDeclInit: error COLON simpleExp •
  101 simpleExp: simpleExp • OR andExp
  103          | simpleExp • OR error

    OR  shift, and go to state 83

    $default  reduce using rule 18 (varDeclInit)


State 49

  102 simpleExp: andExp •
  104 andExp: andExp • AND unaryRelExp
  106       | andExp • AND error

    AND  shift, and go to state 84

    $default  reduce using rule 102 (simpleExp)


State 50

  105 andExp: unaryRelExp •

    $default  reduce using rule 105 (andExp)


State 51

  108 unaryRelExp: relExp •

    $default  reduce using rule 108 (unaryRelExp)


State 52

  110 relExp: sumExp • relop sumExp
  111       | sumExp • relop error
  112       | sumExp •
  119 sumExp: sumExp • sumop mulExp
  121       | sumExp • sumop error

    NEQ          shift, and go to state 85
    LEQ          shift, and go to state 86
    GEQ          shift, and go to state 87
    PLUS         shift, and go to state 88
    MINUS        shift, and go to state 89
    EQUALS       shift, and go to state 90
    LESSTHAN     shift, and go to state 91
    GREATERTHAN  shift, and go to state 92

    $default  reduce using rule 112 (relExp)

    relop  go to state 93
    sumop  go to state 94


State 53

  120 sumExp: mulExp •
  124 mulExp: mulExp • mulop unaryExp
  126       | mulExp • mulop error

    DIVIDE   shift, and go to state 95
    MULT     shift, and go to state 96
    PERCENT  shift, and go to state 97

    $default  reduce using rule 120 (sumExp)

    mulop  go to state 98


State 54

  125 mulExp: unaryExp •

    $default  reduce using rule 125 (mulExp)


State 55

  130 unaryExp: unaryop • unaryExp
  132         | unaryop • error

    error        shift, and go to state 99
    ID           shift, and go to state 38
    NUMCONST     shift, and go to state 39
    CHARCONST    shift, and go to state 40
    STRINGCONST  shift, and go to state 41
    BOOLCONST    shift, and go to state 42
    MINUS        shift, and go to state 44
    MULT         shift, and go to state 45
    QMARK        shift, and go to state 46
    LPAREN       shift, and go to state 47

    unaryExp   go to state 100
    unaryop    go to state 55
    factor     go to state 56
    mutable    go to state 57
    immutable  go to state 58
    call       go to state 59
    constant   go to state 60


State 56

  131 unaryExp: factor •

    $default  reduce using rule 131 (unaryExp)


State 57

  136 factor: mutable •

    $default  reduce using rule 136 (factor)


State 58

  137 factor: immutable •

    $default  reduce using rule 137 (factor)


State 59

  141 immutable: call •

    $default  reduce using rule 141 (immutable)


State 60

  142 immutable: constant •

    $default  reduce using rule 142 (immutable)


State 61

   21 varDeclId: ID LBRACKET error •

    $default  reduce using rule 21 (varDeclId)


State 62

   20 varDeclId: ID LBRACKET NUMCONST • RBRACKET

    RBRACKET  shift, and go to state 101


State 63

   13 varDeclList: varDeclList COMMA error •
   18 varDeclInit: error • COLON simpleExp
   22 varDeclId: error • RBRACKET

    COLON     shift, and go to state 23
    RBRACKET  shift, and go to state 24

    $default  reduce using rule 13 (varDeclList)


State 64

   12 varDeclList: varDeclList COMMA varDeclInit •

    $default  reduce using rule 12 (varDeclList)


State 65

   17 varDeclInit: varDeclId COLON simpleExp •
  101 simpleExp: simpleExp • OR andExp
  103          | simpleExp • OR error

    OR  shift, and go to state 83

    $default  reduce using rule 17 (varDeclInit)


State 66

   39 parmTypeList: typeSpec error •
   43 parmIdList: error •

    SEMICOLON  reduce using rule 39 (parmTypeList)
    SEMICOLON  [reduce using rule 43 (parmIdList)]
    COMMA      reduce using rule 43 (parmIdList)
    RPAREN     reduce using rule 39 (parmTypeList)
    RPAREN     [reduce using rule 43 (parmIdList)]
    $default   reduce using rule 39 (parmTypeList)


State 67

   44 parmId: ID •
   45       | ID • LBRACKET RBRACKET

    LBRACKET  shift, and go to state 102

    $default  reduce using rule 44 (parmId)


State 68

   38 parmTypeList: typeSpec parmIdList •
   40 parmIdList: parmIdList • COMMA parmId
   42           | parmIdList • COMMA error

    COMMA  shift, and go to state 103

    $default  reduce using rule 38 (parmTypeList)


State 69

   41 parmIdList: parmId •

    $default  reduce using rule 41 (parmIdList)


State 70

   27 funDecl: ID LPAREN parms RPAREN • compoundStmt
   31        | ID LPAREN parms RPAREN • error

    error  shift, and go to state 104
    START  shift, and go to state 105

    compoundStmt  go to state 106


State 71

   34 parmList: parmList SEMICOLON • parmTypeList
   36         | parmList SEMICOLON • error

    error  shift, and go to state 107
    BOOL   shift, and go to state 3
    CHAR   shift, and go to state 4
    INT    shift, and go to state 5

    typeSpec      go to state 30
    parmTypeList  go to state 108


State 72

   29 funDecl: typeSpec ID LPAREN error •
   37 parmList: error •

    SEMICOLON  reduce using rule 37 (parmList)
    RPAREN     reduce using rule 37 (parmList)
    $default   reduce using rule 29 (funDecl)


State 73

   26 funDecl: typeSpec ID LPAREN parms • RPAREN compoundStmt

    RPAREN  shift, and go to state 109


State 74

  145 call: error LPAREN •

    $default  reduce using rule 145 (call)


State 75

  139 mutable: ID LBRACKET • exp RBRACKET

    error        shift, and go to state 110
    ID           shift, and go to state 38
    NUMCONST     shift, and go to state 39
    CHARCONST    shift, and go to state 40
    STRINGCONST  shift, and go to state 41
    BOOLCONST    shift, and go to state 42
    NOT          shift, and go to state 43
    MINUS        shift, and go to state 44
    MULT         shift, and go to state 45
    QMARK        shift, and go to state 46
    LPAREN       shift, and go to state 47

    exp          go to state 111
    simpleExp    go to state 81
    andExp       go to state 49
    unaryRelExp  go to state 50
    relExp       go to state 51
    sumExp       go to state 52
    mulExp       go to state 53
    unaryExp     go to state 54
    unaryop      go to state 55
    factor       go to state 56
    mutable      go to state 82
    immutable    go to state 58
    call         go to state 59
    constant     go to state 60


State 76

  144 call: ID LPAREN • args RPAREN

    error        shift, and go to state 110
    ID           shift, and go to state 38
    NUMCONST     shift, and go to state 39
    CHARCONST    shift, and go to state 40
    STRINGCONST  shift, and go to state 41
    BOOLCONST    shift, and go to state 42
    NOT          shift, and go to state 43
    MINUS        shift, and go to state 44
    MULT         shift, and go to state 45
    QMARK        shift, and go to state 46
    LPAREN       shift, and go to state 47

    RPAREN  reduce using rule 147 (args)

    exp          go to state 112
    simpleExp    go to state 81
    andExp       go to state 49
    unaryRelExp  go to state 50
    relExp       go to state 51
    sumExp       go to state 52
    mulExp       go to state 53
    unaryExp     go to state 54
    unaryop      go to state 55
    factor       go to state 56
    mutable      go to state 82
    immutable    go to state 58
    call         go to state 59
    args         go to state 113
    argList      go to state 114
    constant     go to state 60


State 77

  109 unaryRelExp: NOT error •
  145 call: error • LPAREN

    LPAREN  shift, and go to state 74

    $default  reduce using rule 109 (unaryRelExp)


State 78

  107 unaryRelExp: NOT unaryRelExp •

    $default  reduce using rule 107 (unaryRelExp)


State 79

   92 exp: error • assignop exp
   94    | error • INC
   95    | error • DEC
  143 immutable: LPAREN error •
  145 call: error • LPAREN

    INC        shift, and go to state 115
    DEC        shift, and go to state 116
    ASGN       shift, and go to state 117
    ADDASGN    shift, and go to state 118
    MINUSASGN  shift, and go to state 119
    MULTASGN   shift, and go to state 120
    DIVASGN    shift, and go to state 121
    LPAREN     shift, and go to state 74

    $default  reduce using rule 143 (immutable)

    assignop  go to state 122


State 80

  140 immutable: LPAREN exp • RPAREN

    RPAREN  shift, and go to state 123


State 81

   91 exp: simpleExp •
  101 simpleExp: simpleExp • OR andExp
  103          | simpleExp • OR error

    OR  shift, and go to state 83

    $default  reduce using rule 91 (exp)


State 82

   88 exp: mutable • assignop exp
   89    | mutable • INC
   90    | mutable • DEC
   93    | mutable • assignop error
  136 factor: mutable •

    INC        shift, and go to state 124
    DEC        shift, and go to state 125
    ASGN       shift, and go to state 117
    ADDASGN    shift, and go to state 118
    MINUSASGN  shift, and go to state 119
    MULTASGN   shift, and go to state 120
    DIVASGN    shift, and go to state 121

    $default  reduce using rule 136 (factor)

    assignop  go to state 126


State 83

  101 simpleExp: simpleExp OR • andExp
  103          | simpleExp OR • error

    error        shift, and go to state 127
    ID           shift, and go to state 38
    NUMCONST     shift, and go to state 39
    CHARCONST    shift, and go to state 40
    STRINGCONST  shift, and go to state 41
    BOOLCONST    shift, and go to state 42
    NOT          shift, and go to state 43
    MINUS        shift, and go to state 44
    MULT         shift, and go to state 45
    QMARK        shift, and go to state 46
    LPAREN       shift, and go to state 47

    andExp       go to state 128
    unaryRelExp  go to state 50
    relExp       go to state 51
    sumExp       go to state 52
    mulExp       go to state 53
    unaryExp     go to state 54
    unaryop      go to state 55
    factor       go to state 56
    mutable      go to state 57
    immutable    go to state 58
    call         go to state 59
    constant     go to state 60


State 84

  104 andExp: andExp AND • unaryRelExp
  106       | andExp AND • error

    error        shift, and go to state 129
    ID           shift, and go to state 38
    NUMCONST     shift, and go to state 39
    CHARCONST    shift, and go to state 40
    STRINGCONST  shift, and go to state 41
    BOOLCONST    shift, and go to state 42
    NOT          shift, and go to state 43
    MINUS        shift, and go to state 44
    MULT         shift, and go to state 45
    QMARK        shift, and go to state 46
    LPAREN       shift, and go to state 47

    unaryRelExp  go to state 130
    relExp       go to state 51
    sumExp       go to state 52
    mulExp       go to state 53
    unaryExp     go to state 54
    unaryop      go to state 55
    factor       go to state 56
    mutable      go to state 57
    immutable    go to state 58
    call         go to state 59
    constant     go to state 60


State 85

  118 relop: NEQ •

    $default  reduce using rule 118 (relop)


State 86

  114 relop: LEQ •

    $default  reduce using rule 114 (relop)


State 87

  116 relop: GEQ •

    $default  reduce using rule 116 (relop)


State 88

  122 sumop: PLUS •

    $default  reduce using rule 122 (sumop)


State 89

  123 sumop: MINUS •

    $default  reduce using rule 123 (sumop)


State 90

  117 relop: EQUALS •

    $default  reduce using rule 117 (relop)


State 91

  113 relop: LESSTHAN •

    $default  reduce using rule 113 (relop)


State 92

  115 relop: GREATERTHAN •

    $default  reduce using rule 115 (relop)


State 93

  110 relExp: sumExp relop • sumExp
  111       | sumExp relop • error

    error        shift, and go to state 131
    ID           shift, and go to state 38
    NUMCONST     shift, and go to state 39
    CHARCONST    shift, and go to state 40
    STRINGCONST  shift, and go to state 41
    BOOLCONST    shift, and go to state 42
    MINUS        shift, and go to state 44
    MULT         shift, and go to state 45
    QMARK        shift, and go to state 46
    LPAREN       shift, and go to state 47

    sumExp     go to state 132
    mulExp     go to state 53
    unaryExp   go to state 54
    unaryop    go to state 55
    factor     go to state 56
    mutable    go to state 57
    immutable  go to state 58
    call       go to state 59
    constant   go to state 60


State 94

  119 sumExp: sumExp sumop • mulExp
  121       | sumExp sumop • error

    error        shift, and go to state 133
    ID           shift, and go to state 38
    NUMCONST     shift, and go to state 39
    CHARCONST    shift, and go to state 40
    STRINGCONST  shift, and go to state 41
    BOOLCONST    shift, and go to state 42
    MINUS        shift, and go to state 44
    MULT         shift, and go to state 45
    QMARK        shift, and go to state 46
    LPAREN       shift, and go to state 47

    mulExp     go to state 134
    unaryExp   go to state 54
    unaryop    go to state 55
    factor     go to state 56
    mutable    go to state 57
    immutable  go to state 58
    call       go to state 59
    constant   go to state 60


State 95

  128 mulop: DIVIDE •

    $default  reduce using rule 128 (mulop)


State 96

  127 mulop: MULT •

    $default  reduce using rule 127 (mulop)


State 97

  129 mulop: PERCENT •

    $default  reduce using rule 129 (mulop)


State 98

  124 mulExp: mulExp mulop • unaryExp
  126       | mulExp mulop • error

    error        shift, and go to state 135
    ID           shift, and go to state 38
    NUMCONST     shift, and go to state 39
    CHARCONST    shift, and go to state 40
    STRINGCONST  shift, and go to state 41
    BOOLCONST    shift, and go to state 42
    MINUS        shift, and go to state 44
    MULT         shift, and go to state 45
    QMARK        shift, and go to state 46
    LPAREN       shift, and go to state 47

    unaryExp   go to state 136
    unaryop    go to state 55
    factor     go to state 56
    mutable    go to state 57
    immutable  go to state 58
    call       go to state 59
    constant   go to state 60


State 99

  132 unaryExp: unaryop error •
  145 call: error • LPAREN

    LPAREN  shift, and go to state 74

    $default  reduce using rule 132 (unaryExp)


State 100

  130 unaryExp: unaryop unaryExp •

    $default  reduce using rule 130 (unaryExp)


State 101

   20 varDeclId: ID LBRACKET NUMCONST RBRACKET •

    $default  reduce using rule 20 (varDeclId)


State 102

   45 parmId: ID LBRACKET • RBRACKET

    RBRACKET  shift, and go to state 137


State 103

   40 parmIdList: parmIdList COMMA • parmId
   42           | parmIdList COMMA • error

    error  shift, and go to state 138
    ID     shift, and go to state 67

    parmId  go to state 139


State 104

   31 funDecl: ID LPAREN parms RPAREN error •

    $default  reduce using rule 31 (funDecl)


State 105

   51 compoundStmt: START • localDecls stmtList STOP

    $default  reduce using rule 53 (localDecls)

    localDecls  go to state 140


State 106

   27 funDecl: ID LPAREN parms RPAREN compoundStmt •

    $default  reduce using rule 27 (funDecl)


State 107

   36 parmList: parmList SEMICOLON error •

    $default  reduce using rule 36 (parmList)


State 108

   34 parmList: parmList SEMICOLON parmTypeList •

    $default  reduce using rule 34 (parmList)


State 109

   26 funDecl: typeSpec ID LPAREN parms RPAREN • compoundStmt

    START  shift, and go to state 105

    compoundStmt  go to state 141


State 110

   92 exp: error • assignop exp
   94    | error • INC
   95    | error • DEC
  145 call: error • LPAREN

    INC        shift, and go to state 115
    DEC        shift, and go to state 116
    ASGN       shift, and go to state 117
    ADDASGN    shift, and go to state 118
    MINUSASGN  shift, and go to state 119
    MULTASGN   shift, and go to state 120
    DIVASGN    shift, and go to state 121
    LPAREN     shift, and go to state 74

    assignop  go to state 122


State 111

  139 mutable: ID LBRACKET exp • RBRACKET

    RBRACKET  shift, and go to state 142


State 112

  149 argList: exp •

    $default  reduce using rule 149 (argList)


State 113

  144 call: ID LPAREN args • RPAREN

    RPAREN  shift, and go to state 143


State 114

  146 args: argList •
  148 argList: argList • COMMA exp
  150        | argList • COMMA error

    COMMA  shift, and go to state 144

    $default  reduce using rule 146 (args)


State 115

   94 exp: error INC •

    $default  reduce using rule 94 (exp)


State 116

   95 exp: error DEC •

    $default  reduce using rule 95 (exp)


State 117

   96 assignop: ASGN •

    $default  reduce using rule 96 (assignop)


State 118

   97 assignop: ADDASGN •

    $default  reduce using rule 97 (assignop)


State 119

   98 assignop: MINUSASGN •

    $default  reduce using rule 98 (assignop)


State 120

   99 assignop: MULTASGN •

    $default  reduce using rule 99 (assignop)


State 121

  100 assignop: DIVASGN •

    $default  reduce using rule 100 (assignop)


State 122

   92 exp: error assignop • exp

    error        shift, and go to state 110
    ID           shift, and go to state 38
    NUMCONST     shift, and go to state 39
    CHARCONST    shift, and go to state 40
    STRINGCONST  shift, and go to state 41
    BOOLCONST    shift, and go to state 42
    NOT          shift, and go to state 43
    MINUS        shift, and go to state 44
    MULT         shift, and go to state 45
    QMARK        shift, and go to state 46
    LPAREN       shift, and go to state 47

    exp          go to state 145
    simpleExp    go to state 81
    andExp       go to state 49
    unaryRelExp  go to state 50
    relExp       go to state 51
    sumExp       go to state 52
    mulExp       go to state 53
    unaryExp     go to state 54
    unaryop      go to state 55
    factor       go to state 56
    mutable      go to state 82
    immutable    go to state 58
    call         go to state 59
    constant     go to state 60


State 123

  140 immutable: LPAREN exp RPAREN •

    $default  reduce using rule 140 (immutable)


State 124

   89 exp: mutable INC •

    $default  reduce using rule 89 (exp)


State 125

   90 exp: mutable DEC •

    $default  reduce using rule 90 (exp)


State 126

   88 exp: mutable assignop • exp
   93    | mutable assignop • error

    error        shift, and go to state 146
    ID           shift, and go to state 38
    NUMCONST     shift, and go to state 39
    CHARCONST    shift, and go to state 40
    STRINGCONST  shift, and go to state 41
    BOOLCONST    shift, and go to state 42
    NOT          shift, and go to state 43
    MINUS        shift, and go to state 44
    MULT         shift, and go to state 45
    QMARK        shift, and go to state 46
    LPAREN       shift, and go to state 47

    exp          go to state 147
    simpleExp    go to state 81
    andExp       go to state 49
    unaryRelExp  go to state 50
    relExp       go to state 51
    sumExp       go to state 52
    mulExp       go to state 53
    unaryExp     go to state 54
    unaryop      go to state 55
    factor       go to state 56
    mutable      go to state 82
    immutable    go to state 58
    call         go to state 59
    constant     go to state 60


State 127

  103 simpleExp: simpleExp OR error •
  145 call: error • LPAREN

    LPAREN  shift, and go to state 74

    $default  reduce using rule 103 (simpleExp)


State 128

  101 simpleExp: simpleExp OR andExp •
  104 andExp: andExp • AND unaryRelExp
  106       | andExp • AND error

    AND  shift, and go to state 84

    $default  reduce using rule 101 (simpleExp)


State 129

  106 andExp: andExp AND error •
  145 call: error • LPAREN

    LPAREN  shift, and go to state 74

    $default  reduce using rule 106 (andExp)


State 130

  104 andExp: andExp AND unaryRelExp •

    $default  reduce using rule 104 (andExp)


State 131

  111 relExp: sumExp relop error •
  145 call: error • LPAREN

    LPAREN  shift, and go to state 74

    $default  reduce using rule 111 (relExp)


State 132

  110 relExp: sumExp relop sumExp •
  119 sumExp: sumExp • sumop mulExp
  121       | sumExp • sumop error

    PLUS   shift, and go to state 88
    MINUS  shift, and go to state 89

    $default  reduce using rule 110 (relExp)

    sumop  go to state 94


State 133

  121 sumExp: sumExp sumop error •
  145 call: error • LPAREN

    LPAREN  shift, and go to state 74

    $default  reduce using rule 121 (sumExp)


State 134

  119 sumExp: sumExp sumop mulExp •
  124 mulExp: mulExp • mulop unaryExp
  126       | mulExp • mulop error

    DIVIDE   shift, and go to state 95
    MULT     shift, and go to state 96
    PERCENT  shift, and go to state 97

    $default  reduce using rule 119 (sumExp)

    mulop  go to state 98


State 135

  126 mulExp: mulExp mulop error •
  145 call: error • LPAREN

    LPAREN  shift, and go to state 74

    $default  reduce using rule 126 (mulExp)


State 136

  124 mulExp: mulExp mulop unaryExp •

    $default  reduce using rule 124 (mulExp)


State 137

   45 parmId: ID LBRACKET RBRACKET •

    $default  reduce using rule 45 (parmId)


State 138

   42 parmIdList: parmIdList COMMA error •

    $default  reduce using rule 42 (parmIdList)


State 139

   40 parmIdList: parmIdList COMMA parmId •

    $default  reduce using rule 40 (parmIdList)


State 140

   51 compoundStmt: START localDecls • stmtList STOP
   52 localDecls: localDecls • scopedVarDecl

    STATIC  shift, and go to state 148
    BOOL    shift, and go to state 3
    CHAR    shift, and go to state 4
    INT     shift, and go to state 5

    $default  reduce using rule 55 (stmtList)

    scopedVarDecl  go to state 149
    typeSpec       go to state 150
    stmtList       go to state 151


State 141

   26 funDecl: typeSpec ID LPAREN parms RPAREN compoundStmt •

    $default  reduce using rule 26 (funDecl)


State 142

  139 mutable: ID LBRACKET exp RBRACKET •

    $default  reduce using rule 139 (mutable)


State 143

  144 call: ID LPAREN args RPAREN •

    $default  reduce using rule 144 (call)


State 144

  148 argList: argList COMMA • exp
  150        | argList COMMA • error

    error        shift, and go to state 152
    ID           shift, and go to state 38
    NUMCONST     shift, and go to state 39
    CHARCONST    shift, and go to state 40
    STRINGCONST  shift, and go to state 41
    BOOLCONST    shift, and go to state 42
    NOT          shift, and go to state 43
    MINUS        shift, and go to state 44
    MULT         shift, and go to state 45
    QMARK        shift, and go to state 46
    LPAREN       shift, and go to state 47

    exp          go to state 153
    simpleExp    go to state 81
    andExp       go to state 49
    unaryRelExp  go to state 50
    relExp       go to state 51
    sumExp       go to state 52
    mulExp       go to state 53
    unaryExp     go to state 54
    unaryop      go to state 55
    factor       go to state 56
    mutable      go to state 82
    immutable    go to state 58
    call         go to state 59
    constant     go to state 60


State 145

   92 exp: error assignop exp •

    $default  reduce using rule 92 (exp)


State 146

   92 exp: error • assignop exp
   93    | mutable assignop error •
   94    | error • INC
   95    | error • DEC
  145 call: error • LPAREN

    INC        shift, and go to state 115
    DEC        shift, and go to state 116
    ASGN       shift, and go to state 117
    ADDASGN    shift, and go to state 118
    MINUSASGN  shift, and go to state 119
    MULTASGN   shift, and go to state 120
    DIVASGN    shift, and go to state 121
    LPAREN     shift, and go to state 74

    $default  reduce using rule 93 (exp)

    assignop  go to state 122


State 147

   88 exp: mutable assignop exp •

    $default  reduce using rule 88 (exp)


State 148

   10 scopedVarDecl: STATIC • typeSpec varDeclList SEMICOLON

    BOOL  shift, and go to state 3
    CHAR  shift, and go to state 4
    INT   shift, and go to state 5

    typeSpec  go to state 154


State 149

   52 localDecls: localDecls scopedVarDecl •

    $default  reduce using rule 52 (localDecls)


State 150

   11 scopedVarDecl: typeSpec • varDeclList SEMICOLON

    error  shift, and go to state 12
    ID     shift, and go to state 13

    varDeclList  go to state 155
    varDeclInit  go to state 15
    varDeclId    go to state 16


State 151

   51 compoundStmt: START localDecls stmtList • STOP
   54 stmtList: stmtList • stmt

    error        shift, and go to state 156
    ID           shift, and go to state 38
    NUMCONST     shift, and go to state 39
    CHARCONST    shift, and go to state 40
    STRINGCONST  shift, and go to state 41
    BOOLCONST    shift, and go to state 42
    IF           shift, and go to state 157
    FOR          shift, and go to state 158
    BREAK        shift, and go to state 159
    RETURN       shift, and go to state 160
    START        shift, and go to state 105
    STOP         shift, and go to state 161
    WHILE        shift, and go to state 162
    NOT          shift, and go to state 43
    MINUS        shift, and go to state 44
    MULT         shift, and go to state 45
    SEMICOLON    shift, and go to state 163
    QMARK        shift, and go to state 46
    LPAREN       shift, and go to state 47

    stmt          go to state 164
    expStmt       go to state 165
    compoundStmt  go to state 166
    matchedif     go to state 167
    unmatchedif   go to state 168
    endStmt       go to state 169
    returnStmt    go to state 170
    breakStmt     go to state 171
    exp           go to state 172
    simpleExp     go to state 81
    andExp        go to state 49
    unaryRelExp   go to state 50
    relExp        go to state 51
    sumExp        go to state 52
    mulExp        go to state 53
    unaryExp      go to state 54
    unaryop       go to state 55
    factor        go to state 56
    mutable       go to state 82
    immutable     go to state 58
    call          go to state 59
    constant      go to state 60


State 152

   92 exp: error • assignop exp
   94    | error • INC
   95    | error • DEC
  145 call: error • LPAREN
  150 argList: argList COMMA error •

    INC        shift, and go to state 115
    DEC        shift, and go to state 116
    ASGN       shift, and go to state 117
    ADDASGN    shift, and go to state 118
    MINUSASGN  shift, and go to state 119
    MULTASGN   shift, and go to state 120
    DIVASGN    shift, and go to state 121
    LPAREN     shift, and go to state 74

    $default  reduce using rule 150 (argList)

    assignop  go to state 122


State 153

  148 argList: argList COMMA exp •

    $default  reduce using rule 148 (argList)


State 154

   10 scopedVarDecl: STATIC typeSpec • varDeclList SEMICOLON

    error  shift, and go to state 12
    ID     shift, and go to state 13

    varDeclList  go to state 173
    varDeclInit  go to state 15
    varDeclId    go to state 16


State 155

   11 scopedVarDecl: typeSpec varDeclList • SEMICOLON
   12 varDeclList: varDeclList • COMMA varDeclInit
   13            | varDeclList • COMMA error

    SEMICOLON  shift, and go to state 174
    COMMA      shift, and go to state 27


State 156

   50 expStmt: error • SEMICOLON
   92 exp: error • assignop exp
   94    | error • INC
   95    | error • DEC
  145 call: error • LPAREN

    INC        shift, and go to state 115
    DEC        shift, and go to state 116
    ASGN       shift, and go to state 117
    ADDASGN    shift, and go to state 118
    MINUSASGN  shift, and go to state 119
    MULTASGN   shift, and go to state 120
    DIVASGN    shift, and go to state 121
    SEMICOLON  shift, and go to state 175
    LPAREN     shift, and go to state 74

    assignop  go to state 122


State 157

   57 matchedif: IF • simpleExp THEN matchedif ELSE matchedif
   58          | IF • error
   59          | IF • error ELSE matchedif
   60          | IF • error THEN matchedif ELSE matchedif
   67 unmatchedif: IF • simpleExp THEN matchedif ELSE unmatchedif
   68            | IF • error THEN matchedif ELSE unmatchedif
   73            | IF • simpleExp THEN stmt
   74            | IF • error THEN matchedif

    error        shift, and go to state 176
    ID           shift, and go to state 38
    NUMCONST     shift, and go to state 39
    CHARCONST    shift, and go to state 40
    STRINGCONST  shift, and go to state 41
    BOOLCONST    shift, and go to state 42
    NOT          shift, and go to state 43
    MINUS        shift, and go to state 44
    MULT         shift, and go to state 45
    QMARK        shift, and go to state 46
    LPAREN       shift, and go to state 47

    simpleExp    go to state 177
    andExp       go to state 49
    unaryRelExp  go to state 50
    relExp       go to state 51
    sumExp       go to state 52
    mulExp       go to state 53
    unaryExp     go to state 54
    unaryop      go to state 55
    factor       go to state 56
    mutable      go to state 57
    immutable    go to state 58
    call         go to state 59
    constant     go to state 60


State 158

   64 matchedif: FOR • ID ASGN iterRange DO matchedif
   65          | FOR • ID ASGN error DO matchedif
   66          | FOR • error
   71 unmatchedif: FOR • ID ASGN iterRange DO unmatchedif
   72            | FOR • ID ASGN error DO unmatchedif

    error  shift, and go to state 178
    ID     shift, and go to state 179


State 159

   87 breakStmt: BREAK • SEMICOLON

    SEMICOLON  shift, and go to state 180


State 160

   84 returnStmt: RETURN • SEMICOLON
   85           | RETURN • exp SEMICOLON
   86           | RETURN • error SEMICOLON

    error        shift, and go to state 181
    ID           shift, and go to state 38
    NUMCONST     shift, and go to state 39
    CHARCONST    shift, and go to state 40
    STRINGCONST  shift, and go to state 41
    BOOLCONST    shift, and go to state 42
    NOT          shift, and go to state 43
    MINUS        shift, and go to state 44
    MULT         shift, and go to state 45
    SEMICOLON    shift, and go to state 182
    QMARK        shift, and go to state 46
    LPAREN       shift, and go to state 47

    exp          go to state 183
    simpleExp    go to state 81
    andExp       go to state 49
    unaryRelExp  go to state 50
    relExp       go to state 51
    sumExp       go to state 52
    mulExp       go to state 53
    unaryExp     go to state 54
    unaryop      go to state 55
    factor       go to state 56
    mutable      go to state 82
    immutable    go to state 58
    call         go to state 59
    constant     go to state 60


State 161

   51 compoundStmt: START localDecls stmtList STOP •

    $default  reduce using rule 51 (compoundStmt)


State 162

   61 matchedif: WHILE • simpleExp DO matchedif
   62          | WHILE • error DO matchedif
   63          | WHILE • error
   69 unmatchedif: WHILE • simpleExp DO unmatchedif
   70            | WHILE • error DO unmatchedif

    error        shift, and go to state 184
    ID           shift, and go to state 38
    NUMCONST     shift, and go to state 39
    CHARCONST    shift, and go to state 40
    STRINGCONST  shift, and go to state 41
    BOOLCONST    shift, and go to state 42
    NOT          shift, and go to state 43
    MINUS        shift, and go to state 44
    MULT         shift, and go to state 45
    QMARK        shift, and go to state 46
    LPAREN       shift, and go to state 47

    simpleExp    go to state 185
    andExp       go to state 49
    unaryRelExp  go to state 50
    relExp       go to state 51
    sumExp       go to state 52
    mulExp       go to state 53
    unaryExp     go to state 54
    unaryop      go to state 55
    factor       go to state 56
    mutable      go to state 57
    immutable    go to state 58
    call         go to state 59
    constant     go to state 60


State 163

   49 expStmt: SEMICOLON •

    $default  reduce using rule 49 (expStmt)


State 164

   54 stmtList: stmtList stmt •

    $default  reduce using rule 54 (stmtList)


State 165

   75 endStmt: expStmt •

    $default  reduce using rule 75 (endStmt)


State 166

   76 endStmt: compoundStmt •

    $default  reduce using rule 76 (endStmt)


State 167

   46 stmt: matchedif •

    $default  reduce using rule 46 (stmt)


State 168

   47 stmt: unmatchedif •

    $default  reduce using rule 47 (stmt)


State 169

   56 matchedif: endStmt •

    $default  reduce using rule 56 (matchedif)


State 170

   77 endStmt: returnStmt •

    $default  reduce using rule 77 (endStmt)


State 171

   78 endStmt: breakStmt •

    $default  reduce using rule 78 (endStmt)


State 172

   48 expStmt: exp • SEMICOLON

    SEMICOLON  shift, and go to state 186


State 173

   10 scopedVarDecl: STATIC typeSpec varDeclList • SEMICOLON
   12 varDeclList: varDeclList • COMMA varDeclInit
   13            | varDeclList • COMMA error

    SEMICOLON  shift, and go to state 187
    COMMA      shift, and go to state 27


State 174

   11 scopedVarDecl: typeSpec varDeclList SEMICOLON •

    $default  reduce using rule 11 (scopedVarDecl)


State 175

   50 expStmt: error SEMICOLON •

    $default  reduce using rule 50 (expStmt)


State 176

   58 matchedif: IF error •
   59          | IF error • ELSE matchedif
   60          | IF error • THEN matchedif ELSE matchedif
   68 unmatchedif: IF error • THEN matchedif ELSE unmatchedif
   74            | IF error • THEN matchedif
  145 call: error • LPAREN

    THEN    shift, and go to state 188
    ELSE    shift, and go to state 189
    LPAREN  shift, and go to state 74

    ELSE      [reduce using rule 58 (matchedif)]
    LPAREN    [reduce using rule 58 (matchedif)]
    $default  reduce using rule 58 (matchedif)


State 177

   57 matchedif: IF simpleExp • THEN matchedif ELSE matchedif
   67 unmatchedif: IF simpleExp • THEN matchedif ELSE unmatchedif
   73            | IF simpleExp • THEN stmt
  101 simpleExp: simpleExp • OR andExp
  103          | simpleExp • OR error

    THEN  shift, and go to state 190
    OR    shift, and go to state 83


State 178

   66 matchedif: FOR error •

    $default  reduce using rule 66 (matchedif)


State 179

   64 matchedif: FOR ID • ASGN iterRange DO matchedif
   65          | FOR ID • ASGN error DO matchedif
   71 unmatchedif: FOR ID • ASGN iterRange DO unmatchedif
   72            | FOR ID • ASGN error DO unmatchedif

    ASGN  shift, and go to state 191


State 180

   87 breakStmt: BREAK SEMICOLON •

    $default  reduce using rule 87 (breakStmt)


State 181

   86 returnStmt: RETURN error • SEMICOLON
   92 exp: error • assignop exp
   94    | error • INC
   95    | error • DEC
  145 call: error • LPAREN

    INC        shift, and go to state 115
    DEC        shift, and go to state 116
    ASGN       shift, and go to state 117
    ADDASGN    shift, and go to state 118
    MINUSASGN  shift, and go to state 119
    MULTASGN   shift, and go to state 120
    DIVASGN    shift, and go to state 121
    SEMICOLON  shift, and go to state 192
    LPAREN     shift, and go to state 74

    assignop  go to state 122


State 182

   84 returnStmt: RETURN SEMICOLON •

    $default  reduce using rule 84 (returnStmt)


State 183

   85 returnStmt: RETURN exp • SEMICOLON

    SEMICOLON  shift, and go to state 193


State 184

   62 matchedif: WHILE error • DO matchedif
   63          | WHILE error •
   70 unmatchedif: WHILE error • DO unmatchedif
  145 call: error • LPAREN

    DO      shift, and go to state 194
    LPAREN  shift, and go to state 74

    LPAREN    [reduce using rule 63 (matchedif)]
    $default  reduce using rule 63 (matchedif)


State 185

   61 matchedif: WHILE simpleExp • DO matchedif
   69 unmatchedif: WHILE simpleExp • DO unmatchedif
  101 simpleExp: simpleExp • OR andExp
  103          | simpleExp • OR error

    DO  shift, and go to state 195
    OR  shift, and go to state 83


State 186

   48 expStmt: exp SEMICOLON •

    $default  reduce using rule 48 (expStmt)


State 187

   10 scopedVarDecl: STATIC typeSpec varDeclList SEMICOLON •

    $default  reduce using rule 10 (scopedVarDecl)


State 188

   60 matchedif: IF error THEN • matchedif ELSE matchedif
   68 unmatchedif: IF error THEN • matchedif ELSE unmatchedif
   74            | IF error THEN • matchedif

    error        shift, and go to state 156
    ID           shift, and go to state 38
    NUMCONST     shift, and go to state 39
    CHARCONST    shift, and go to state 40
    STRINGCONST  shift, and go to state 41
    BOOLCONST    shift, and go to state 42
    IF           shift, and go to state 196
    FOR          shift, and go to state 197
    BREAK        shift, and go to state 159
    RETURN       shift, and go to state 160
    START        shift, and go to state 105
    WHILE        shift, and go to state 198
    NOT          shift, and go to state 43
    MINUS        shift, and go to state 44
    MULT         shift, and go to state 45
    SEMICOLON    shift, and go to state 163
    QMARK        shift, and go to state 46
    LPAREN       shift, and go to state 47

    expStmt       go to state 165
    compoundStmt  go to state 166
    matchedif     go to state 199
    endStmt       go to state 169
    returnStmt    go to state 170
    breakStmt     go to state 171
    exp           go to state 172
    simpleExp     go to state 81
    andExp        go to state 49
    unaryRelExp   go to state 50
    relExp        go to state 51
    sumExp        go to state 52
    mulExp        go to state 53
    unaryExp      go to state 54
    unaryop       go to state 55
    factor        go to state 56
    mutable       go to state 82
    immutable     go to state 58
    call          go to state 59
    constant      go to state 60


State 189

   59 matchedif: IF error ELSE • matchedif

    error        shift, and go to state 156
    ID           shift, and go to state 38
    NUMCONST     shift, and go to state 39
    CHARCONST    shift, and go to state 40
    STRINGCONST  shift, and go to state 41
    BOOLCONST    shift, and go to state 42
    IF           shift, and go to state 196
    FOR          shift, and go to state 197
    BREAK        shift, and go to state 159
    RETURN       shift, and go to state 160
    START        shift, and go to state 105
    WHILE        shift, and go to state 198
    NOT          shift, and go to state 43
    MINUS        shift, and go to state 44
    MULT         shift, and go to state 45
    SEMICOLON    shift, and go to state 163
    QMARK        shift, and go to state 46
    LPAREN       shift, and go to state 47

    expStmt       go to state 165
    compoundStmt  go to state 166
    matchedif     go to state 200
    endStmt       go to state 169
    returnStmt    go to state 170
    breakStmt     go to state 171
    exp           go to state 172
    simpleExp     go to state 81
    andExp        go to state 49
    unaryRelExp   go to state 50
    relExp        go to state 51
    sumExp        go to state 52
    mulExp        go to state 53
    unaryExp      go to state 54
    unaryop       go to state 55
    factor        go to state 56
    mutable       go to state 82
    immutable     go to state 58
    call          go to state 59
    constant      go to state 60


State 190

   57 matchedif: IF simpleExp THEN • matchedif ELSE matchedif
   67 unmatchedif: IF simpleExp THEN • matchedif ELSE unmatchedif
   73            | IF simpleExp THEN • stmt

    error        shift, and go to state 156
    ID           shift, and go to state 38
    NUMCONST     shift, and go to state 39
    CHARCONST    shift, and go to state 40
    STRINGCONST  shift, and go to state 41
    BOOLCONST    shift, and go to state 42
    IF           shift, and go to state 157
    FOR          shift, and go to state 158
    BREAK        shift, and go to state 159
    RETURN       shift, and go to state 160
    START        shift, and go to state 105
    WHILE        shift, and go to state 162
    NOT          shift, and go to state 43
    MINUS        shift, and go to state 44
    MULT         shift, and go to state 45
    SEMICOLON    shift, and go to state 163
    QMARK        shift, and go to state 46
    LPAREN       shift, and go to state 47

    stmt          go to state 201
    expStmt       go to state 165
    compoundStmt  go to state 166
    matchedif     go to state 202
    unmatchedif   go to state 168
    endStmt       go to state 169
    returnStmt    go to state 170
    breakStmt     go to state 171
    exp           go to state 172
    simpleExp     go to state 81
    andExp        go to state 49
    unaryRelExp   go to state 50
    relExp        go to state 51
    sumExp        go to state 52
    mulExp        go to state 53
    unaryExp      go to state 54
    unaryop       go to state 55
    factor        go to state 56
    mutable       go to state 82
    immutable     go to state 58
    call          go to state 59
    constant      go to state 60


State 191

   64 matchedif: FOR ID ASGN • iterRange DO matchedif
   65          | FOR ID ASGN • error DO matchedif
   71 unmatchedif: FOR ID ASGN • iterRange DO unmatchedif
   72            | FOR ID ASGN • error DO unmatchedif

    error        shift, and go to state 203
    ID           shift, and go to state 38
    NUMCONST     shift, and go to state 39
    CHARCONST    shift, and go to state 40
    STRINGCONST  shift, and go to state 41
    BOOLCONST    shift, and go to state 42
    NOT          shift, and go to state 43
    MINUS        shift, and go to state 44
    MULT         shift, and go to state 45
    QMARK        shift, and go to state 46
    LPAREN       shift, and go to state 47

    iterRange    go to state 204
    simpleExp    go to state 205
    andExp       go to state 49
    unaryRelExp  go to state 50
    relExp       go to state 51
    sumExp       go to state 52
    mulExp       go to state 53
    unaryExp     go to state 54
    unaryop      go to state 55
    factor       go to state 56
    mutable      go to state 57
    immutable    go to state 58
    call         go to state 59
    constant     go to state 60


State 192

   86 returnStmt: RETURN error SEMICOLON •

    $default  reduce using rule 86 (returnStmt)


State 193

   85 returnStmt: RETURN exp SEMICOLON •

    $default  reduce using rule 85 (returnStmt)


State 194

   62 matchedif: WHILE error DO • matchedif
   70 unmatchedif: WHILE error DO • unmatchedif

    error        shift, and go to state 156
    ID           shift, and go to state 38
    NUMCONST     shift, and go to state 39
    CHARCONST    shift, and go to state 40
    STRINGCONST  shift, and go to state 41
    BOOLCONST    shift, and go to state 42
    IF           shift, and go to state 157
    FOR          shift, and go to state 158
    BREAK        shift, and go to state 159
    RETURN       shift, and go to state 160
    START        shift, and go to state 105
    WHILE        shift, and go to state 162
    NOT          shift, and go to state 43
    MINUS        shift, and go to state 44
    MULT         shift, and go to state 45
    SEMICOLON    shift, and go to state 163
    QMARK        shift, and go to state 46
    LPAREN       shift, and go to state 47

    expStmt       go to state 165
    compoundStmt  go to state 166
    matchedif     go to state 206
    unmatchedif   go to state 207
    endStmt       go to state 169
    returnStmt    go to state 170
    breakStmt     go to state 171
    exp           go to state 172
    simpleExp     go to state 81
    andExp        go to state 49
    unaryRelExp   go to state 50
    relExp        go to state 51
    sumExp        go to state 52
    mulExp        go to state 53
    unaryExp      go to state 54
    unaryop       go to state 55
    factor        go to state 56
    mutable       go to state 82
    immutable     go to state 58
    call          go to state 59
    constant      go to state 60


State 195

   61 matchedif: WHILE simpleExp DO • matchedif
   69 unmatchedif: WHILE simpleExp DO • unmatchedif

    error        shift, and go to state 156
    ID           shift, and go to state 38
    NUMCONST     shift, and go to state 39
    CHARCONST    shift, and go to state 40
    STRINGCONST  shift, and go to state 41
    BOOLCONST    shift, and go to state 42
    IF           shift, and go to state 157
    FOR          shift, and go to state 158
    BREAK        shift, and go to state 159
    RETURN       shift, and go to state 160
    START        shift, and go to state 105
    WHILE        shift, and go to state 162
    NOT          shift, and go to state 43
    MINUS        shift, and go to state 44
    MULT         shift, and go to state 45
    SEMICOLON    shift, and go to state 163
    QMARK        shift, and go to state 46
    LPAREN       shift, and go to state 47

    expStmt       go to state 165
    compoundStmt  go to state 166
    matchedif     go to state 208
    unmatchedif   go to state 209
    endStmt       go to state 169
    returnStmt    go to state 170
    breakStmt     go to state 171
    exp           go to state 172
    simpleExp     go to state 81
    andExp        go to state 49
    unaryRelExp   go to state 50
    relExp        go to state 51
    sumExp        go to state 52
    mulExp        go to state 53
    unaryExp      go to state 54
    unaryop       go to state 55
    factor        go to state 56
    mutable       go to state 82
    immutable     go to state 58
    call          go to state 59
    constant      go to state 60


State 196

   57 matchedif: IF • simpleExp THEN matchedif ELSE matchedif
   58          | IF • error
   59          | IF • error ELSE matchedif
   60          | IF • error THEN matchedif ELSE matchedif

    error        shift, and go to state 210
    ID           shift, and go to state 38
    NUMCONST     shift, and go to state 39
    CHARCONST    shift, and go to state 40
    STRINGCONST  shift, and go to state 41
    BOOLCONST    shift, and go to state 42
    NOT          shift, and go to state 43
    MINUS        shift, and go to state 44
    MULT         shift, and go to state 45
    QMARK        shift, and go to state 46
    LPAREN       shift, and go to state 47

    simpleExp    go to state 211
    andExp       go to state 49
    unaryRelExp  go to state 50
    relExp       go to state 51
    sumExp       go to state 52
    mulExp       go to state 53
    unaryExp     go to state 54
    unaryop      go to state 55
    factor       go to state 56
    mutable      go to state 57
    immutable    go to state 58
    call         go to state 59
    constant     go to state 60


State 197

   64 matchedif: FOR • ID ASGN iterRange DO matchedif
   65          | FOR • ID ASGN error DO matchedif
   66          | FOR • error

    error  shift, and go to state 178
    ID     shift, and go to state 212


State 198

   61 matchedif: WHILE • simpleExp DO matchedif
   62          | WHILE • error DO matchedif
   63          | WHILE • error

    error        shift, and go to state 213
    ID           shift, and go to state 38
    NUMCONST     shift, and go to state 39
    CHARCONST    shift, and go to state 40
    STRINGCONST  shift, and go to state 41
    BOOLCONST    shift, and go to state 42
    NOT          shift, and go to state 43
    MINUS        shift, and go to state 44
    MULT         shift, and go to state 45
    QMARK        shift, and go to state 46
    LPAREN       shift, and go to state 47

    simpleExp    go to state 214
    andExp       go to state 49
    unaryRelExp  go to state 50
    relExp       go to state 51
    sumExp       go to state 52
    mulExp       go to state 53
    unaryExp     go to state 54
    unaryop      go to state 55
    factor       go to state 56
    mutable      go to state 57
    immutable    go to state 58
    call         go to state 59
    constant     go to state 60


State 199

   60 matchedif: IF error THEN matchedif • ELSE matchedif
   68 unmatchedif: IF error THEN matchedif • ELSE unmatchedif
   74            | IF error THEN matchedif •

    ELSE  shift, and go to state 215

    $default  reduce using rule 74 (unmatchedif)


State 200

   59 matchedif: IF error ELSE matchedif •

    $default  reduce using rule 59 (matchedif)


State 201

   73 unmatchedif: IF simpleExp THEN stmt •

    $default  reduce using rule 73 (unmatchedif)


State 202

   46 stmt: matchedif •
   57 matchedif: IF simpleExp THEN matchedif • ELSE matchedif
   67 unmatchedif: IF simpleExp THEN matchedif • ELSE unmatchedif

    ELSE  shift, and go to state 216

    $default  reduce using rule 46 (stmt)


State 203

   65 matchedif: FOR ID ASGN error • DO matchedif
   72 unmatchedif: FOR ID ASGN error • DO unmatchedif
   82 iterRange: error • BY error
  145 call: error • LPAREN

    DO      shift, and go to state 217
    BY      shift, and go to state 218
    LPAREN  shift, and go to state 74


State 204

   64 matchedif: FOR ID ASGN iterRange • DO matchedif
   71 unmatchedif: FOR ID ASGN iterRange • DO unmatchedif

    DO  shift, and go to state 219


State 205

   79 iterRange: simpleExp • TO simpleExp
   80          | simpleExp • TO simpleExp BY simpleExp
   81          | simpleExp • TO error
   83          | simpleExp • TO simpleExp BY error
  101 simpleExp: simpleExp • OR andExp
  103          | simpleExp • OR error

    TO  shift, and go to state 220
    OR  shift, and go to state 83


State 206

   62 matchedif: WHILE error DO matchedif •

    $default  reduce using rule 62 (matchedif)


State 207

   70 unmatchedif: WHILE error DO unmatchedif •

    $default  reduce using rule 70 (unmatchedif)


State 208

   61 matchedif: WHILE simpleExp DO matchedif •

    $default  reduce using rule 61 (matchedif)


State 209

   69 unmatchedif: WHILE simpleExp DO unmatchedif •

    $default  reduce using rule 69 (unmatchedif)


State 210

   58 matchedif: IF error •
   59          | IF error • ELSE matchedif
   60          | IF error • THEN matchedif ELSE matchedif
  145 call: error • LPAREN

    THEN    shift, and go to state 221
    ELSE    shift, and go to state 189
    LPAREN  shift, and go to state 74

    ELSE      [reduce using rule 58 (matchedif)]
    LPAREN    [reduce using rule 58 (matchedif)]
    $default  reduce using rule 58 (matchedif)


State 211

   57 matchedif: IF simpleExp • THEN matchedif ELSE matchedif
  101 simpleExp: simpleExp • OR andExp
  103          | simpleExp • OR error

    THEN  shift, and go to state 222
    OR    shift, and go to state 83


State 212

   64 matchedif: FOR ID • ASGN iterRange DO matchedif
   65          | FOR ID • ASGN error DO matchedif

    ASGN  shift, and go to state 223


State 213

   62 matchedif: WHILE error • DO matchedif
   63          | WHILE error •
  145 call: error • LPAREN

    DO      shift, and go to state 224
    LPAREN  shift, and go to state 74

    LPAREN    [reduce using rule 63 (matchedif)]
    $default  reduce using rule 63 (matchedif)


State 214

   61 matchedif: WHILE simpleExp • DO matchedif
  101 simpleExp: simpleExp • OR andExp
  103          | simpleExp • OR error

    DO  shift, and go to state 225
    OR  shift, and go to state 83


State 215

   60 matchedif: IF error THEN matchedif ELSE • matchedif
   68 unmatchedif: IF error THEN matchedif ELSE • unmatchedif

    error        shift, and go to state 156
    ID           shift, and go to state 38
    NUMCONST     shift, and go to state 39
    CHARCONST    shift, and go to state 40
    STRINGCONST  shift, and go to state 41
    BOOLCONST    shift, and go to state 42
    IF           shift, and go to state 157
    FOR          shift, and go to state 158
    BREAK        shift, and go to state 159
    RETURN       shift, and go to state 160
    START        shift, and go to state 105
    WHILE        shift, and go to state 162
    NOT          shift, and go to state 43
    MINUS        shift, and go to state 44
    MULT         shift, and go to state 45
    SEMICOLON    shift, and go to state 163
    QMARK        shift, and go to state 46
    LPAREN       shift, and go to state 47

    expStmt       go to state 165
    compoundStmt  go to state 166
    matchedif     go to state 226
    unmatchedif   go to state 227
    endStmt       go to state 169
    returnStmt    go to state 170
    breakStmt     go to state 171
    exp           go to state 172
    simpleExp     go to state 81
    andExp        go to state 49
    unaryRelExp   go to state 50
    relExp        go to state 51
    sumExp        go to state 52
    mulExp        go to state 53
    unaryExp      go to state 54
    unaryop       go to state 55
    factor        go to state 56
    mutable       go to state 82
    immutable     go to state 58
    call          go to state 59
    constant      go to state 60


State 216

   57 matchedif: IF simpleExp THEN matchedif ELSE • matchedif
   67 unmatchedif: IF simpleExp THEN matchedif ELSE • unmatchedif

    error        shift, and go to state 156
    ID           shift, and go to state 38
    NUMCONST     shift, and go to state 39
    CHARCONST    shift, and go to state 40
    STRINGCONST  shift, and go to state 41
    BOOLCONST    shift, and go to state 42
    IF           shift, and go to state 157
    FOR          shift, and go to state 158
    BREAK        shift, and go to state 159
    RETURN       shift, and go to state 160
    START        shift, and go to state 105
    WHILE        shift, and go to state 162
    NOT          shift, and go to state 43
    MINUS        shift, and go to state 44
    MULT         shift, and go to state 45
    SEMICOLON    shift, and go to state 163
    QMARK        shift, and go to state 46
    LPAREN       shift, and go to state 47

    expStmt       go to state 165
    compoundStmt  go to state 166
    matchedif     go to state 228
    unmatchedif   go to state 229
    endStmt       go to state 169
    returnStmt    go to state 170
    breakStmt     go to state 171
    exp           go to state 172
    simpleExp     go to state 81
    andExp        go to state 49
    unaryRelExp   go to state 50
    relExp        go to state 51
    sumExp        go to state 52
    mulExp        go to state 53
    unaryExp      go to state 54
    unaryop       go to state 55
    factor        go to state 56
    mutable       go to state 82
    immutable     go to state 58
    call          go to state 59
    constant      go to state 60


State 217

   65 matchedif: FOR ID ASGN error DO • matchedif
   72 unmatchedif: FOR ID ASGN error DO • unmatchedif

    error        shift, and go to state 156
    ID           shift, and go to state 38
    NUMCONST     shift, and go to state 39
    CHARCONST    shift, and go to state 40
    STRINGCONST  shift, and go to state 41
    BOOLCONST    shift, and go to state 42
    IF           shift, and go to state 157
    FOR          shift, and go to state 158
    BREAK        shift, and go to state 159
    RETURN       shift, and go to state 160
    START        shift, and go to state 105
    WHILE        shift, and go to state 162
    NOT          shift, and go to state 43
    MINUS        shift, and go to state 44
    MULT         shift, and go to state 45
    SEMICOLON    shift, and go to state 163
    QMARK        shift, and go to state 46
    LPAREN       shift, and go to state 47

    expStmt       go to state 165
    compoundStmt  go to state 166
    matchedif     go to state 230
    unmatchedif   go to state 231
    endStmt       go to state 169
    returnStmt    go to state 170
    breakStmt     go to state 171
    exp           go to state 172
    simpleExp     go to state 81
    andExp        go to state 49
    unaryRelExp   go to state 50
    relExp        go to state 51
    sumExp        go to state 52
    mulExp        go to state 53
    unaryExp      go to state 54
    unaryop       go to state 55
    factor        go to state 56
    mutable       go to state 82
    immutable     go to state 58
    call          go to state 59
    constant      go to state 60


State 218

   82 iterRange: error BY • error

    error  shift, and go to state 232


State 219

   64 matchedif: FOR ID ASGN iterRange DO • matchedif
   71 unmatchedif: FOR ID ASGN iterRange DO • unmatchedif

    error        shift, and go to state 156
    ID           shift, and go to state 38
    NUMCONST     shift, and go to state 39
    CHARCONST    shift, and go to state 40
    STRINGCONST  shift, and go to state 41
    BOOLCONST    shift, and go to state 42
    IF           shift, and go to state 157
    FOR          shift, and go to state 158
    BREAK        shift, and go to state 159
    RETURN       shift, and go to state 160
    START        shift, and go to state 105
    WHILE        shift, and go to state 162
    NOT          shift, and go to state 43
    MINUS        shift, and go to state 44
    MULT         shift, and go to state 45
    SEMICOLON    shift, and go to state 163
    QMARK        shift, and go to state 46
    LPAREN       shift, and go to state 47

    expStmt       go to state 165
    compoundStmt  go to state 166
    matchedif     go to state 233
    unmatchedif   go to state 234
    endStmt       go to state 169
    returnStmt    go to state 170
    breakStmt     go to state 171
    exp           go to state 172
    simpleExp     go to state 81
    andExp        go to state 49
    unaryRelExp   go to state 50
    relExp        go to state 51
    sumExp        go to state 52
    mulExp        go to state 53
    unaryExp      go to state 54
    unaryop       go to state 55
    factor        go to state 56
    mutable       go to state 82
    immutable     go to state 58
    call          go to state 59
    constant      go to state 60


State 220

   79 iterRange: simpleExp TO • simpleExp
   80          | simpleExp TO • simpleExp BY simpleExp
   81          | simpleExp TO • error
   83          | simpleExp TO • simpleExp BY error

    error        shift, and go to state 235
    ID           shift, and go to state 38
    NUMCONST     shift, and go to state 39
    CHARCONST    shift, and go to state 40
    STRINGCONST  shift, and go to state 41
    BOOLCONST    shift, and go to state 42
    NOT          shift, and go to state 43
    MINUS        shift, and go to state 44
    MULT         shift, and go to state 45
    QMARK        shift, and go to state 46
    LPAREN       shift, and go to state 47

    simpleExp    go to state 236
    andExp       go to state 49
    unaryRelExp  go to state 50
    relExp       go to state 51
    sumExp       go to state 52
    mulExp       go to state 53
    unaryExp     go to state 54
    unaryop      go to state 55
    factor       go to state 56
    mutable      go to state 57
    immutable    go to state 58
    call         go to state 59
    constant     go to state 60


State 221

   60 matchedif: IF error THEN • matchedif ELSE matchedif

    error        shift, and go to state 156
    ID           shift, and go to state 38
    NUMCONST     shift, and go to state 39
    CHARCONST    shift, and go to state 40
    STRINGCONST  shift, and go to state 41
    BOOLCONST    shift, and go to state 42
    IF           shift, and go to state 196
    FOR          shift, and go to state 197
    BREAK        shift, and go to state 159
    RETURN       shift, and go to state 160
    START        shift, and go to state 105
    WHILE        shift, and go to state 198
    NOT          shift, and go to state 43
    MINUS        shift, and go to state 44
    MULT         shift, and go to state 45
    SEMICOLON    shift, and go to state 163
    QMARK        shift, and go to state 46
    LPAREN       shift, and go to state 47

    expStmt       go to state 165
    compoundStmt  go to state 166
    matchedif     go to state 237
    endStmt       go to state 169
    returnStmt    go to state 170
    breakStmt     go to state 171
    exp           go to state 172
    simpleExp     go to state 81
    andExp        go to state 49
    unaryRelExp   go to state 50
    relExp        go to state 51
    sumExp        go to state 52
    mulExp        go to state 53
    unaryExp      go to state 54
    unaryop       go to state 55
    factor        go to state 56
    mutable       go to state 82
    immutable     go to state 58
    call          go to state 59
    constant      go to state 60


State 222

   57 matchedif: IF simpleExp THEN • matchedif ELSE matchedif

    error        shift, and go to state 156
    ID           shift, and go to state 38
    NUMCONST     shift, and go to state 39
    CHARCONST    shift, and go to state 40
    STRINGCONST  shift, and go to state 41
    BOOLCONST    shift, and go to state 42
    IF           shift, and go to state 196
    FOR          shift, and go to state 197
    BREAK        shift, and go to state 159
    RETURN       shift, and go to state 160
    START        shift, and go to state 105
    WHILE        shift, and go to state 198
    NOT          shift, and go to state 43
    MINUS        shift, and go to state 44
    MULT         shift, and go to state 45
    SEMICOLON    shift, and go to state 163
    QMARK        shift, and go to state 46
    LPAREN       shift, and go to state 47

    expStmt       go to state 165
    compoundStmt  go to state 166
    matchedif     go to state 238
    endStmt       go to state 169
    returnStmt    go to state 170
    breakStmt     go to state 171
    exp           go to state 172
    simpleExp     go to state 81
    andExp        go to state 49
    unaryRelExp   go to state 50
    relExp        go to state 51
    sumExp        go to state 52
    mulExp        go to state 53
    unaryExp      go to state 54
    unaryop       go to state 55
    factor        go to state 56
    mutable       go to state 82
    immutable     go to state 58
    call          go to state 59
    constant      go to state 60


State 223

   64 matchedif: FOR ID ASGN • iterRange DO matchedif
   65          | FOR ID ASGN • error DO matchedif

    error        shift, and go to state 239
    ID           shift, and go to state 38
    NUMCONST     shift, and go to state 39
    CHARCONST    shift, and go to state 40
    STRINGCONST  shift, and go to state 41
    BOOLCONST    shift, and go to state 42
    NOT          shift, and go to state 43
    MINUS        shift, and go to state 44
    MULT         shift, and go to state 45
    QMARK        shift, and go to state 46
    LPAREN       shift, and go to state 47

    iterRange    go to state 240
    simpleExp    go to state 205
    andExp       go to state 49
    unaryRelExp  go to state 50
    relExp       go to state 51
    sumExp       go to state 52
    mulExp       go to state 53
    unaryExp     go to state 54
    unaryop      go to state 55
    factor       go to state 56
    mutable      go to state 57
    immutable    go to state 58
    call         go to state 59
    constant     go to state 60


State 224

   62 matchedif: WHILE error DO • matchedif

    error        shift, and go to state 156
    ID           shift, and go to state 38
    NUMCONST     shift, and go to state 39
    CHARCONST    shift, and go to state 40
    STRINGCONST  shift, and go to state 41
    BOOLCONST    shift, and go to state 42
    IF           shift, and go to state 196
    FOR          shift, and go to state 197
    BREAK        shift, and go to state 159
    RETURN       shift, and go to state 160
    START        shift, and go to state 105
    WHILE        shift, and go to state 198
    NOT          shift, and go to state 43
    MINUS        shift, and go to state 44
    MULT         shift, and go to state 45
    SEMICOLON    shift, and go to state 163
    QMARK        shift, and go to state 46
    LPAREN       shift, and go to state 47

    expStmt       go to state 165
    compoundStmt  go to state 166
    matchedif     go to state 206
    endStmt       go to state 169
    returnStmt    go to state 170
    breakStmt     go to state 171
    exp           go to state 172
    simpleExp     go to state 81
    andExp        go to state 49
    unaryRelExp   go to state 50
    relExp        go to state 51
    sumExp        go to state 52
    mulExp        go to state 53
    unaryExp      go to state 54
    unaryop       go to state 55
    factor        go to state 56
    mutable       go to state 82
    immutable     go to state 58
    call          go to state 59
    constant      go to state 60


State 225

   61 matchedif: WHILE simpleExp DO • matchedif

    error        shift, and go to state 156
    ID           shift, and go to state 38
    NUMCONST     shift, and go to state 39
    CHARCONST    shift, and go to state 40
    STRINGCONST  shift, and go to state 41
    BOOLCONST    shift, and go to state 42
    IF           shift, and go to state 196
    FOR          shift, and go to state 197
    BREAK        shift, and go to state 159
    RETURN       shift, and go to state 160
    START        shift, and go to state 105
    WHILE        shift, and go to state 198
    NOT          shift, and go to state 43
    MINUS        shift, and go to state 44
    MULT         shift, and go to state 45
    SEMICOLON    shift, and go to state 163
    QMARK        shift, and go to state 46
    LPAREN       shift, and go to state 47

    expStmt       go to state 165
    compoundStmt  go to state 166
    matchedif     go to state 208
    endStmt       go to state 169
    returnStmt    go to state 170
    breakStmt     go to state 171
    exp           go to state 172
    simpleExp     go to state 81
    andExp        go to state 49
    unaryRelExp   go to state 50
    relExp        go to state 51
    sumExp        go to state 52
    mulExp        go to state 53
    unaryExp      go to state 54
    unaryop       go to state 55
    factor        go to state 56
    mutable       go to state 82
    immutable     go to state 58
    call          go to state 59
    constant      go to state 60


State 226

   60 matchedif: IF error THEN matchedif ELSE matchedif •

    $default  reduce using rule 60 (matchedif)


State 227

   68 unmatchedif: IF error THEN matchedif ELSE unmatchedif •

    $default  reduce using rule 68 (unmatchedif)


State 228

   57 matchedif: IF simpleExp THEN matchedif ELSE matchedif •

    $default  reduce using rule 57 (matchedif)


State 229

   67 unmatchedif: IF simpleExp THEN matchedif ELSE unmatchedif •

    $default  reduce using rule 67 (unmatchedif)


State 230

   65 matchedif: FOR ID ASGN error DO matchedif •

    $default  reduce using rule 65 (matchedif)


State 231

   72 unmatchedif: FOR ID ASGN error DO unmatchedif •

    $default  reduce using rule 72 (unmatchedif)


State 232

   82 iterRange: error BY error •

    $default  reduce using rule 82 (iterRange)


State 233

   64 matchedif: FOR ID ASGN iterRange DO matchedif •

    $default  reduce using rule 64 (matchedif)


State 234

   71 unmatchedif: FOR ID ASGN iterRange DO unmatchedif •

    $default  reduce using rule 71 (unmatchedif)


State 235

   81 iterRange: simpleExp TO error •
  145 call: error • LPAREN

    LPAREN  shift, and go to state 74

    $default  reduce using rule 81 (iterRange)


State 236

   79 iterRange: simpleExp TO simpleExp •
   80          | simpleExp TO simpleExp • BY simpleExp
   83          | simpleExp TO simpleExp • BY error
  101 simpleExp: simpleExp • OR andExp
  103          | simpleExp • OR error

    BY  shift, and go to state 241
    OR  shift, and go to state 83

    $default  reduce using rule 79 (iterRange)


State 237

   60 matchedif: IF error THEN matchedif • ELSE matchedif

    ELSE  shift, and go to state 242


State 238

   57 matchedif: IF simpleExp THEN matchedif • ELSE matchedif

    ELSE  shift, and go to state 243


State 239

   65 matchedif: FOR ID ASGN error • DO matchedif
   82 iterRange: error • BY error
  145 call: error • LPAREN

    DO      shift, and go to state 244
    BY      shift, and go to state 218
    LPAREN  shift, and go to state 74


State 240

   64 matchedif: FOR ID ASGN iterRange • DO matchedif

    DO  shift, and go to state 245


State 241

   80 iterRange: simpleExp TO simpleExp BY • simpleExp
   83          | simpleExp TO simpleExp BY • error

    error        shift, and go to state 246
    ID           shift, and go to state 38
    NUMCONST     shift, and go to state 39
    CHARCONST    shift, and go to state 40
    STRINGCONST  shift, and go to state 41
    BOOLCONST    shift, and go to state 42
    NOT          shift, and go to state 43
    MINUS        shift, and go to state 44
    MULT         shift, and go to state 45
    QMARK        shift, and go to state 46
    LPAREN       shift, and go to state 47

    simpleExp    go to state 247
    andExp       go to state 49
    unaryRelExp  go to state 50
    relExp       go to state 51
    sumExp       go to state 52
    mulExp       go to state 53
    unaryExp     go to state 54
    unaryop      go to state 55
    factor       go to state 56
    mutable      go to state 57
    immutable    go to state 58
    call         go to state 59
    constant     go to state 60


State 242

   60 matchedif: IF error THEN matchedif ELSE • matchedif

    error        shift, and go to state 156
    ID           shift, and go to state 38
    NUMCONST     shift, and go to state 39
    CHARCONST    shift, and go to state 40
    STRINGCONST  shift, and go to state 41
    BOOLCONST    shift, and go to state 42
    IF           shift, and go to state 196
    FOR          shift, and go to state 197
    BREAK        shift, and go to state 159
    RETURN       shift, and go to state 160
    START        shift, and go to state 105
    WHILE        shift, and go to state 198
    NOT          shift, and go to state 43
    MINUS        shift, and go to state 44
    MULT         shift, and go to state 45
    SEMICOLON    shift, and go to state 163
    QMARK        shift, and go to state 46
    LPAREN       shift, and go to state 47

    expStmt       go to state 165
    compoundStmt  go to state 166
    matchedif     go to state 226
    endStmt       go to state 169
    returnStmt    go to state 170
    breakStmt     go to state 171
    exp           go to state 172
    simpleExp     go to state 81
    andExp        go to state 49
    unaryRelExp   go to state 50
    relExp        go to state 51
    sumExp        go to state 52
    mulExp        go to state 53
    unaryExp      go to state 54
    unaryop       go to state 55
    factor        go to state 56
    mutable       go to state 82
    immutable     go to state 58
    call          go to state 59
    constant      go to state 60


State 243

   57 matchedif: IF simpleExp THEN matchedif ELSE • matchedif

    error        shift, and go to state 156
    ID           shift, and go to state 38
    NUMCONST     shift, and go to state 39
    CHARCONST    shift, and go to state 40
    STRINGCONST  shift, and go to state 41
    BOOLCONST    shift, and go to state 42
    IF           shift, and go to state 196
    FOR          shift, and go to state 197
    BREAK        shift, and go to state 159
    RETURN       shift, and go to state 160
    START        shift, and go to state 105
    WHILE        shift, and go to state 198
    NOT          shift, and go to state 43
    MINUS        shift, and go to state 44
    MULT         shift, and go to state 45
    SEMICOLON    shift, and go to state 163
    QMARK        shift, and go to state 46
    LPAREN       shift, and go to state 47

    expStmt       go to state 165
    compoundStmt  go to state 166
    matchedif     go to state 228
    endStmt       go to state 169
    returnStmt    go to state 170
    breakStmt     go to state 171
    exp           go to state 172
    simpleExp     go to state 81
    andExp        go to state 49
    unaryRelExp   go to state 50
    relExp        go to state 51
    sumExp        go to state 52
    mulExp        go to state 53
    unaryExp      go to state 54
    unaryop       go to state 55
    factor        go to state 56
    mutable       go to state 82
    immutable     go to state 58
    call          go to state 59
    constant      go to state 60


State 244

   65 matchedif: FOR ID ASGN error DO • matchedif

    error        shift, and go to state 156
    ID           shift, and go to state 38
    NUMCONST     shift, and go to state 39
    CHARCONST    shift, and go to state 40
    STRINGCONST  shift, and go to state 41
    BOOLCONST    shift, and go to state 42
    IF           shift, and go to state 196
    FOR          shift, and go to state 197
    BREAK        shift, and go to state 159
    RETURN       shift, and go to state 160
    START        shift, and go to state 105
    WHILE        shift, and go to state 198
    NOT          shift, and go to state 43
    MINUS        shift, and go to state 44
    MULT         shift, and go to state 45
    SEMICOLON    shift, and go to state 163
    QMARK        shift, and go to state 46
    LPAREN       shift, and go to state 47

    expStmt       go to state 165
    compoundStmt  go to state 166
    matchedif     go to state 230
    endStmt       go to state 169
    returnStmt    go to state 170
    breakStmt     go to state 171
    exp           go to state 172
    simpleExp     go to state 81
    andExp        go to state 49
    unaryRelExp   go to state 50
    relExp        go to state 51
    sumExp        go to state 52
    mulExp        go to state 53
    unaryExp      go to state 54
    unaryop       go to state 55
    factor        go to state 56
    mutable       go to state 82
    immutable     go to state 58
    call          go to state 59
    constant      go to state 60


State 245

   64 matchedif: FOR ID ASGN iterRange DO • matchedif

    error        shift, and go to state 156
    ID           shift, and go to state 38
    NUMCONST     shift, and go to state 39
    CHARCONST    shift, and go to state 40
    STRINGCONST  shift, and go to state 41
    BOOLCONST    shift, and go to state 42
    IF           shift, and go to state 196
    FOR          shift, and go to state 197
    BREAK        shift, and go to state 159
    RETURN       shift, and go to state 160
    START        shift, and go to state 105
    WHILE        shift, and go to state 198
    NOT          shift, and go to state 43
    MINUS        shift, and go to state 44
    MULT         shift, and go to state 45
    SEMICOLON    shift, and go to state 163
    QMARK        shift, and go to state 46
    LPAREN       shift, and go to state 47

    expStmt       go to state 165
    compoundStmt  go to state 166
    matchedif     go to state 233
    endStmt       go to state 169
    returnStmt    go to state 170
    breakStmt     go to state 171
    exp           go to state 172
    simpleExp     go to state 81
    andExp        go to state 49
    unaryRelExp   go to state 50
    relExp        go to state 51
    sumExp        go to state 52
    mulExp        go to state 53
    unaryExp      go to state 54
    unaryop       go to state 55
    factor        go to state 56
    mutable       go to state 82
    immutable     go to state 58
    call          go to state 59
    constant      go to state 60


State 246

   83 iterRange: simpleExp TO simpleExp BY error •
  145 call: error • LPAREN

    LPAREN  shift, and go to state 74

    $default  reduce using rule 83 (iterRange)


State 247

   80 iterRange: simpleExp TO simpleExp BY simpleExp •
  101 simpleExp: simpleExp • OR andExp
  103          | simpleExp • OR error

    OR  shift, and go to state 83

    $default  reduce using rule 80 (iterRange)
